<?xml version="1.0" encoding="UTF-8"?>
<TestRun id="1f37a763-535b-4873-8c6d-db4114bd8b23" name="Administrator@RSRC81Z3WSU117H 2013-06-17 13:34:07" runUser="RSRC81Z3WSU117H\Administrator" xmlns="http://microsoft.com/schemas/VisualStudio/TeamTest/2010">
  <TestSettings name="本地" id="4b3af8e5-d13c-4ed6-943b-c3ba01b0be51">
    <Description>这些设置为本地测试运行的默认测试设置。</Description>
    <Deployment enabled="false" runDeploymentRoot="Administrator_RSRC81Z3WSU117H 2013-06-17 13_34_07">
      <DeploymentItem filename="D:\TestMyProduct\FrameWork\FrameWork\AppServiceInterface.MPart\bin\Debug\AppService.MPart.dll" />
      <DeploymentItem filename="D:\TestMyProduct\FrameWork\FrameWork\Domain.ServiceBase\bin\Debug\Domain.ServiceBase.dll" />
      <DeploymentItem filename="D:\TestMyProduct\FrameWork\FrameWork\AppService.Base\bin\Debug\AppService.Base.dll" />
    </Deployment>
    <Execution>
      <TestTypeSpecific />
      <AgentRule name="Execution Agents">
      </AgentRule>
    </Execution>
  </TestSettings>
  <Times creation="2013-06-17T13:34:07.1406250+08:00" queuing="2013-06-17T13:34:09.4062500+08:00" start="2013-06-17T13:34:09.5937500+08:00" finish="2013-06-17T13:34:55.6250000+08:00" />
  <ResultSummary outcome="Failed">
    <Counters total="1" executed="1" error="0" failed="1" timeout="0" aborted="0" inconclusive="0" passedButRunAborted="0" notRunnable="0" notExecuted="0" disconnected="0" warning="0" passed="0" completed="0" inProgress="0" pending="0" />
  </ResultSummary>
  <TestDefinitions>
    <UnitTest name="DoSearchTest" storage="d:\testmyproduct\framework\framework\mpart.search.test\bin\debug\mpart.search.test.dll" id="89c4129c-7209-a6d4-50df-8bfbfcea194e">
      <Execution id="e8c946c1-7909-4750-b505-7cea7ce1ae52" />
      <TestMethod codeBase="D:/TestMyProduct/FrameWork/FrameWork/MPart.Search.Test/bin/Debug/MPart.Search.Test.DLL" adapterTypeName="Microsoft.VisualStudio.TestTools.TestTypes.Unit.UnitTestAdapter, Microsoft.VisualStudio.QualityTools.Tips.UnitTest.Adapter, Version=10.0.0.0, Culture=neutral, PublicKeyToken=b03f5f7f11d50a3a" className="MPart.Search.Test.GetMPartSearchTest, MPart.Search.Test, Version=1.0.0.0, Culture=neutral, PublicKeyToken=null" name="DoSearchTest" />
    </UnitTest>
  </TestDefinitions>
  <TestLists>
    <TestList name="列表中未列出的结果" id="8c84fa94-04c1-424b-9868-57a2d4851a1d" />
    <TestList name="所有已加载的结果" id="19431567-8539-422a-85d7-44ee4e166bda" />
  </TestLists>
  <TestEntries>
    <TestEntry testId="89c4129c-7209-a6d4-50df-8bfbfcea194e" executionId="e8c946c1-7909-4750-b505-7cea7ce1ae52" testListId="8c84fa94-04c1-424b-9868-57a2d4851a1d" />
  </TestEntries>
  <Results>
    <UnitTestResult executionId="e8c946c1-7909-4750-b505-7cea7ce1ae52" testId="89c4129c-7209-a6d4-50df-8bfbfcea194e" testName="DoSearchTest" computerName="RSRC81Z3WSU117H" duration="00:00:42.6096299" startTime="2013-06-17T13:34:09.7812500+08:00" endTime="2013-06-17T13:34:53.9687500+08:00" testType="13cdc9d9-ddb5-4fa4-a97d-d965ccfc6d4b" outcome="Failed" testListId="8c84fa94-04c1-424b-9868-57a2d4851a1d" relativeResultsDirectory="e8c946c1-7909-4750-b505-7cea7ce1ae52">
      <Output>
        <ErrorInfo>
          <Message>Assert.AreEqual 失败。应为: &lt;(null)&gt;，实际为: &lt;AppService.MPart.MPartResultDTO&gt;。</Message>
          <StackTrace>   在 MPart.Search.Test.GetMPartSearchTest.DoSearchTest() 位置 D:\TestMyProduct\FrameWork\FrameWork\MPart.Search.Test\GetMPartSearchTest.cs:行号 80
</StackTrace>
        </ErrorInfo>
      </Output>
    </UnitTestResult>
  </Results>
</TestRun>