<?xml version="1.0" encoding="UTF-8"?>
<TestRun id="65479756-e5fd-478c-a26f-63645b5b58bc" name="Administrator@RSRC81Z3WSU117H 2013-04-19 09:19:00" runUser="RSRC81Z3WSU117H\Administrator" xmlns="http://microsoft.com/schemas/VisualStudio/TeamTest/2010">
  <TestSettings name="本地" id="4b3af8e5-d13c-4ed6-943b-c3ba01b0be51">
    <Description>这些设置为本地测试运行的默认测试设置。</Description>
    <Deployment enabled="false" runDeploymentRoot="Administrator_RSRC81Z3WSU117H 2013-04-19 09_19_00">
      <DeploymentItem filename="D:\TestMyProduct\FrameWork\FrameWork\AppService.Base\bin\Debug\AppService.Base.dll" />
      <DeploymentItem filename="D:\TestMyProduct\FrameWork\FrameWork\AppServiceInterface.MPart\bin\Debug\AppService.MPart.dll" />
    </Deployment>
    <Execution>
      <TestTypeSpecific />
      <AgentRule name="Execution Agents">
      </AgentRule>
    </Execution>
  </TestSettings>
  <Times creation="2013-04-19T09:19:00.2812500+08:00" queuing="2013-04-19T09:19:01.5781250+08:00" start="2013-04-19T09:19:01.7812500+08:00" finish="2013-04-19T09:19:36.9687500+08:00" />
  <ResultSummary outcome="Failed">
    <Counters total="1" executed="1" error="0" failed="1" timeout="0" aborted="0" inconclusive="0" passedButRunAborted="0" notRunnable="0" notExecuted="0" disconnected="0" warning="0" passed="0" completed="0" inProgress="0" pending="0" />
  </ResultSummary>
  <TestDefinitions>
    <UnitTest name="DoSearchTest" storage="d:\testmyproduct\framework\framework\mpart.search.test\bin\debug\mpart.search.test.dll" id="89c4129c-7209-a6d4-50df-8bfbfcea194e">
      <Execution id="120bd6c5-7a33-428d-aa87-f86f9b9dc58b" />
      <TestMethod codeBase="D:/TestMyProduct/FrameWork/FrameWork/MPart.Search.Test/bin/Debug/MPart.Search.Test.DLL" adapterTypeName="Microsoft.VisualStudio.TestTools.TestTypes.Unit.UnitTestAdapter, Microsoft.VisualStudio.QualityTools.Tips.UnitTest.Adapter, Version=10.0.0.0, Culture=neutral, PublicKeyToken=b03f5f7f11d50a3a" className="MPart.Search.Test.GetMPartSearchTest, MPart.Search.Test, Version=1.0.0.0, Culture=neutral, PublicKeyToken=null" name="DoSearchTest" />
    </UnitTest>
  </TestDefinitions>
  <TestLists>
    <TestList name="列表中未列出的结果" id="8c84fa94-04c1-424b-9868-57a2d4851a1d" />
    <TestList name="所有已加载的结果" id="19431567-8539-422a-85d7-44ee4e166bda" />
  </TestLists>
  <TestEntries>
    <TestEntry testId="89c4129c-7209-a6d4-50df-8bfbfcea194e" executionId="120bd6c5-7a33-428d-aa87-f86f9b9dc58b" testListId="8c84fa94-04c1-424b-9868-57a2d4851a1d" />
  </TestEntries>
  <Results>
    <UnitTestResult executionId="120bd6c5-7a33-428d-aa87-f86f9b9dc58b" testId="89c4129c-7209-a6d4-50df-8bfbfcea194e" testName="DoSearchTest" computerName="RSRC81Z3WSU117H" duration="00:00:33.2272627" startTime="2013-04-19T09:19:01.9375000+08:00" endTime="2013-04-19T09:19:36.7187500+08:00" testType="13cdc9d9-ddb5-4fa4-a97d-d965ccfc6d4b" outcome="Failed" testListId="8c84fa94-04c1-424b-9868-57a2d4851a1d" relativeResultsDirectory="120bd6c5-7a33-428d-aa87-f86f9b9dc58b">
      <Output>
        <ErrorInfo>
          <Message>测试方法 MPart.Search.Test.GetMPartSearchTest.DoSearchTest 引发了异常: 
System.Data.SqlClient.SqlException: Invalid object name 'MDS_MPart'.</Message>
          <StackTrace>    在 System.Data.SqlClient.SqlConnection.OnError(SqlException exception, Boolean breakConnection)
   在 System.Data.SqlClient.SqlInternalConnection.OnError(SqlException exception, Boolean breakConnection)
   在 System.Data.SqlClient.TdsParser.ThrowExceptionAndWarning()
   在 System.Data.SqlClient.TdsParser.Run(RunBehavior runBehavior, SqlCommand cmdHandler, SqlDataReader dataStream, BulkCopySimpleResultSet bulkCopyHandler, TdsParserStateObject stateObj)
   在 System.Data.SqlClient.SqlDataReader.ConsumeMetaData()
   在 System.Data.SqlClient.SqlDataReader.get_MetaData()
   在 System.Data.SqlClient.SqlCommand.FinishExecuteReader(SqlDataReader ds, RunBehavior runBehavior, String resetOptionsString)
   在 System.Data.SqlClient.SqlCommand.RunExecuteReaderTds(CommandBehavior cmdBehavior, RunBehavior runBehavior, Boolean returnStream, Boolean async)
   在 System.Data.SqlClient.SqlCommand.RunExecuteReader(CommandBehavior cmdBehavior, RunBehavior runBehavior, Boolean returnStream, String method, DbAsyncResult result)
   在 System.Data.SqlClient.SqlCommand.RunExecuteReader(CommandBehavior cmdBehavior, RunBehavior runBehavior, Boolean returnStream, String method)
   在 System.Data.SqlClient.SqlCommand.ExecuteReader(CommandBehavior behavior, String method)
   在 System.Data.SqlClient.SqlCommand.ExecuteDbDataReader(CommandBehavior behavior)
   在 System.Data.Common.DbCommand.ExecuteReader()
   在 System.Data.Objects.ObjectContext.ExecuteStoreQueryInternal[TElement](String commandText, String entitySetName, MergeOption mergeOption, Object[] parameters)
   在 System.Data.Objects.ObjectContext.ExecuteStoreQuery[TElement](String commandText, Object[] parameters)
   在 System.Data.Entity.Internal.InternalContext.ExecuteSqlQuery[TElement](String sql, Object[] parameters)
   在 System.Data.Entity.Internal.InternalContext.ExecuteSqlQueryAsIEnumerable[TElement](String sql, Object[] parameters)
   在 System.Data.Entity.Internal.InternalContext.ExecuteSqlQuery(Type elementType, String sql, Object[] parameters)
   在 System.Data.Entity.Internal.InternalSqlNonSetQuery.GetEnumerator()
   在 System.Data.Entity.Internal.InternalSqlQuery`1.GetEnumerator()
   在 System.Collections.Generic.List`1..ctor(IEnumerable`1 collection)
   在 System.Linq.Enumerable.ToList[TSource](IEnumerable`1 source)
   在 AppService.Base.SearchBase.SqlQuery[T](String SqlQueryStr) 位置 D:\TestMyProduct\FrameWork\FrameWork\AppService.Base\SearchBase.cs:行号 186
   在 AppService.MPart.GetMPartSearch.DoSearch(MPartParamDTO inputDTO) 位置 D:\TestMyProduct\FrameWork\FrameWork\AppServiceInterface.MPart\Search\GetMPartSearch.cs:行号 44
   在 MPart.Search.Test.GetMPartSearchTest.DoSearchTest() 位置 D:\TestMyProduct\FrameWork\FrameWork\MPart.Search.Test\GetMPartSearchTest.cs:行号 79
</StackTrace>
        </ErrorInfo>
      </Output>
    </UnitTestResult>
  </Results>
</TestRun>