<?xml version="1.0" encoding="UTF-8"?>
<TestRun id="527a82cf-ea05-40bf-a4c5-6aa1f366c7a6" name="Administrator@RSRC81Z3WSU117H 2013-04-19 09:21:51" runUser="RSRC81Z3WSU117H\Administrator" xmlns="http://microsoft.com/schemas/VisualStudio/TeamTest/2010">
  <TestSettings name="本地" id="4b3af8e5-d13c-4ed6-943b-c3ba01b0be51">
    <Description>这些设置为本地测试运行的默认测试设置。</Description>
    <Deployment enabled="false" runDeploymentRoot="Administrator_RSRC81Z3WSU117H 2013-04-19 09_21_51">
      <DeploymentItem filename="D:\TestMyProduct\FrameWork\FrameWork\AppService.Base\bin\Debug\AppService.Base.dll" />
      <DeploymentItem filename="D:\TestMyProduct\FrameWork\FrameWork\AppServiceInterface.MPart\bin\Debug\AppService.MPart.dll" />
    </Deployment>
    <Execution>
      <TestTypeSpecific />
      <AgentRule name="Execution Agents">
      </AgentRule>
    </Execution>
  </TestSettings>
  <Times creation="2013-04-19T09:21:51.2500000+08:00" queuing="2013-04-19T09:21:52.5937500+08:00" start="2013-04-19T09:21:52.7656250+08:00" finish="2013-04-19T09:22:29.8125000+08:00" />
  <ResultSummary outcome="Error">
    <Counters total="1" executed="1" error="0" failed="0" timeout="0" aborted="1" inconclusive="0" passedButRunAborted="0" notRunnable="0" notExecuted="0" disconnected="0" warning="0" passed="0" completed="0" inProgress="0" pending="0" />
    <RunInfos>
      <RunInfo computerName="RSRC81Z3WSU117H" outcome="Error" timestamp="2013-04-19T09:22:29.8125000+08:00">
        <Text>测试宿主进程意外退出。</Text>
      </RunInfo>
    </RunInfos>
  </ResultSummary>
  <TestDefinitions>
    <UnitTest name="DoSearchTest" storage="d:\testmyproduct\framework\framework\mpart.search.test\bin\debug\mpart.search.test.dll" id="89c4129c-7209-a6d4-50df-8bfbfcea194e">
      <Execution id="9b8e311c-8851-444a-973e-bbb217330798" />
      <TestMethod codeBase="D:/TestMyProduct/FrameWork/FrameWork/MPart.Search.Test/bin/Debug/MPart.Search.Test.DLL" adapterTypeName="Microsoft.VisualStudio.TestTools.TestTypes.Unit.UnitTestAdapter, Microsoft.VisualStudio.QualityTools.Tips.UnitTest.Adapter, Version=10.0.0.0, Culture=neutral, PublicKeyToken=b03f5f7f11d50a3a" className="MPart.Search.Test.GetMPartSearchTest, MPart.Search.Test, Version=1.0.0.0, Culture=neutral, PublicKeyToken=null" name="DoSearchTest" />
    </UnitTest>
  </TestDefinitions>
  <TestLists>
    <TestList name="列表中未列出的结果" id="8c84fa94-04c1-424b-9868-57a2d4851a1d" />
    <TestList name="所有已加载的结果" id="19431567-8539-422a-85d7-44ee4e166bda" />
  </TestLists>
  <TestEntries>
    <TestEntry testId="89c4129c-7209-a6d4-50df-8bfbfcea194e" executionId="9b8e311c-8851-444a-973e-bbb217330798" testListId="8c84fa94-04c1-424b-9868-57a2d4851a1d" />
  </TestEntries>
  <Results>
    <UnitTestResult executionId="9b8e311c-8851-444a-973e-bbb217330798" testId="89c4129c-7209-a6d4-50df-8bfbfcea194e" testName="DoSearchTest" computerName="RSRC81Z3WSU117H" duration="00:00:36.8906250" startTime="2013-04-19T09:21:52.9218750+08:00" endTime="2013-04-19T09:22:29.8125000+08:00" testType="13cdc9d9-ddb5-4fa4-a97d-d965ccfc6d4b" outcome="Aborted" testListId="8c84fa94-04c1-424b-9868-57a2d4851a1d" relativeResultsDirectory="9b8e311c-8851-444a-973e-bbb217330798">
    </UnitTestResult>
  </Results>
</TestRun>